[debug] [2020-04-25T15:30:58.048Z] ----------------------------------------------------------------------
[debug] [2020-04-25T15:30:58.051Z] Command:       /usr/local/Cellar/node/13.13.0_1/bin/node /usr/local/bin/firebase serve
[debug] [2020-04-25T15:30:58.051Z] CLI Version:   8.1.1
[debug] [2020-04-25T15:30:58.051Z] Platform:      darwin
[debug] [2020-04-25T15:30:58.051Z] Node Version:  v13.13.0
[debug] [2020-04-25T15:30:58.052Z] Time:          Sat Apr 25 2020 21:00:58 GMT+0530 (India Standard Time)
[debug] [2020-04-25T15:30:58.052Z] ----------------------------------------------------------------------
[debug] [2020-04-25T15:30:58.053Z] 
[debug] [2020-04-25T15:30:58.074Z] > command requires scopes: ["email","openid","https://www.googleapis.com/auth/cloudplatformprojects.readonly","https://www.googleapis.com/auth/firebase","https://www.googleapis.com/auth/cloud-platform"]
[debug] [2020-04-25T15:30:58.075Z] > authorizing via signed-in user
[debug] [2020-04-25T15:30:58.075Z] [iam] checking project xaperture-351a7 for permissions ["firebase.projects.get"]
[debug] [2020-04-25T15:30:58.078Z] >>> HTTP REQUEST POST https://cloudresourcemanager.googleapis.com/v1/projects/xaperture-351a7:testIamPermissions  
 {"permissions":["firebase.projects.get"]}
[debug] [2020-04-25T15:30:59.966Z] <<< HTTP RESPONSE 200 {"content-type":"application/json; charset=UTF-8","vary":"X-Origin, Referer, Origin,Accept-Encoding","date":"Sat, 25 Apr 2020 15:30:59 GMT","server":"ESF","cache-control":"private","x-xss-protection":"0","x-frame-options":"SAMEORIGIN","x-content-type-options":"nosniff","server-timing":"gfet4t7; dur=1614","alt-svc":"quic=\":443\"; ma=2592000; v=\"46,43\",h3-Q050=\":443\"; ma=2592000,h3-Q049=\":443\"; ma=2592000,h3-Q048=\":443\"; ma=2592000,h3-Q046=\":443\"; ma=2592000,h3-Q043=\":443\"; ma=2592000,h3-T050=\":443\"; ma=2592000","accept-ranges":"none","transfer-encoding":"chunked"}
[debug] [2020-04-25T15:30:59.968Z] >>> HTTP REQUEST GET https://firebase.googleapis.com/v1beta1/projects/xaperture-351a7  
 
[debug] [2020-04-25T15:31:00.610Z] <<< HTTP RESPONSE 200 {"content-type":"application/json; charset=UTF-8","vary":"X-Origin, Referer, Origin,Accept-Encoding","date":"Sat, 25 Apr 2020 15:31:00 GMT","server":"ESF","cache-control":"private","x-xss-protection":"0","x-frame-options":"SAMEORIGIN","x-content-type-options":"nosniff","alt-svc":"quic=\":443\"; ma=2592000; v=\"46,43\",h3-Q050=\":443\"; ma=2592000,h3-Q049=\":443\"; ma=2592000,h3-Q048=\":443\"; ma=2592000,h3-Q046=\":443\"; ma=2592000,h3-Q043=\":443\"; ma=2592000,h3-T050=\":443\"; ma=2592000","accept-ranges":"none","transfer-encoding":"chunked"}
[info] 
[info] === Serving from '/Users/takshdoria/Desktop/untitled folder'...
[info] 
[debug] [2020-04-25T15:31:00.614Z] >>> HTTP REQUEST GET https://firebase.googleapis.com/v1beta1/projects/xaperture-351a7/webApps/-/config  
 
[debug] [2020-04-25T15:31:01.736Z] <<< HTTP RESPONSE 200 {"content-type":"application/json; charset=UTF-8","vary":"X-Origin, Referer, Origin,Accept-Encoding","date":"Sat, 25 Apr 2020 15:31:01 GMT","server":"ESF","cache-control":"private","x-xss-protection":"0","x-frame-options":"SAMEORIGIN","x-content-type-options":"nosniff","alt-svc":"quic=\":443\"; ma=2592000; v=\"46,43\",h3-Q050=\":443\"; ma=2592000,h3-Q049=\":443\"; ma=2592000,h3-Q048=\":443\"; ma=2592000,h3-Q046=\":443\"; ma=2592000,h3-Q043=\":443\"; ma=2592000,h3-T050=\":443\"; ma=2592000","accept-ranges":"none","transfer-encoding":"chunked"}
[info] i  hosting: Serving hosting files from: xaperture
[info] ✔  hosting: Local server: http://localhost:5000
